  main.cpp
C:\Users\jacob\OneDrive\Desktop\Code\C++\Game Dev Stuff\Reverse Pong\main.cpp(3,10): warning C4067: unexpected tokens following preprocessor directive - expected a newline
C:\Users\jacob\OneDrive\Desktop\Code\C++\Game Dev Stuff\Reverse Pong\main.cpp(66,32): warning C4244: 'argument': conversion from 'float' to 'unsigned int', possible loss of data
C:\Users\jacob\OneDrive\Desktop\Code\C++\Game Dev Stuff\Reverse Pong\main.cpp(72,32): warning C4244: 'argument': conversion from 'float' to 'unsigned int', possible loss of data
C:\Users\jacob\OneDrive\Desktop\Code\C++\Game Dev Stuff\Reverse Pong\main.cpp(78,32): warning C4244: 'argument': conversion from 'float' to 'unsigned int', possible loss of data
C:\Users\jacob\OneDrive\Desktop\Code\C++\Game Dev Stuff\Reverse Pong\main.cpp(173,25): warning C4305: '*=': truncation from 'double' to 'float'
C:\Users\jacob\OneDrive\Desktop\Code\C++\Game Dev Stuff\Reverse Pong\main.cpp(175,105): warning C4244: 'argument': conversion from 'int' to 'float', possible loss of data
C:\Users\jacob\OneDrive\Desktop\Code\C++\Game Dev Stuff\Reverse Pong\main.cpp(188,25): warning C4305: '*=': truncation from 'double' to 'float'
C:\Users\jacob\OneDrive\Desktop\Code\C++\Game Dev Stuff\Reverse Pong\main.cpp(210,18): warning C4305: 'initializing': truncation from 'double' to 'float'
C:\Users\jacob\OneDrive\Desktop\Code\C++\Game Dev Stuff\Reverse Pong\main.cpp(224,46): warning C4244: '-=': conversion from 'double' to 'T', possible loss of data
C:\Users\jacob\OneDrive\Desktop\Code\C++\Game Dev Stuff\Reverse Pong\main.cpp(224,46): warning C4244:         with
C:\Users\jacob\OneDrive\Desktop\Code\C++\Game Dev Stuff\Reverse Pong\main.cpp(224,46): warning C4244:         [
C:\Users\jacob\OneDrive\Desktop\Code\C++\Game Dev Stuff\Reverse Pong\main.cpp(224,46): warning C4244:             T=float
C:\Users\jacob\OneDrive\Desktop\Code\C++\Game Dev Stuff\Reverse Pong\main.cpp(224,46): warning C4244:         ]
C:\Users\jacob\OneDrive\Desktop\Code\C++\Game Dev Stuff\Reverse Pong\main.cpp(231,28): warning C4244: '=': conversion from 'int32_t' to 'float', possible loss of data
C:\Users\jacob\OneDrive\Desktop\Code\C++\Game Dev Stuff\Reverse Pong\main.cpp(239,46): warning C4244: '-=': conversion from 'double' to 'T', possible loss of data
C:\Users\jacob\OneDrive\Desktop\Code\C++\Game Dev Stuff\Reverse Pong\main.cpp(239,46): warning C4244:         with
C:\Users\jacob\OneDrive\Desktop\Code\C++\Game Dev Stuff\Reverse Pong\main.cpp(239,46): warning C4244:         [
C:\Users\jacob\OneDrive\Desktop\Code\C++\Game Dev Stuff\Reverse Pong\main.cpp(239,46): warning C4244:             T=float
C:\Users\jacob\OneDrive\Desktop\Code\C++\Game Dev Stuff\Reverse Pong\main.cpp(239,46): warning C4244:         ]
C:\Users\jacob\OneDrive\Desktop\Code\C++\Game Dev Stuff\Reverse Pong\main.cpp(246,28): warning C4244: '=': conversion from 'int32_t' to 'float', possible loss of data
C:\Users\jacob\OneDrive\Desktop\Code\C++\Game Dev Stuff\Reverse Pong\main.cpp(254,25): warning C4305: '/=': truncation from 'double' to 'float'
  Reverse Pong.vcxproj -> C:\Users\jacob\OneDrive\Desktop\Code\C++\Game Dev Stuff\Reverse Pong\Debug\Reverse Pong.exe
